2014-11-20 14:22:40,622 main ERROR Erros - Data truncation: Data too long for column 'estado' at row 1
org.hibernate.exception.DataException: Data truncation: Data too long for column 'estado' at row 1
	at org.hibernate.exception.internal.SQLExceptionTypeDelegate.convert(SQLExceptionTypeDelegate.java:71) ~[hibernate-core-4.1.4.Final.jar:4.1.4.Final]
	at org.hibernate.exception.internal.StandardSQLExceptionConverter.convert(StandardSQLExceptionConverter.java:49) ~[hibernate-core-4.1.4.Final.jar:4.1.4.Final]
	at org.hibernate.engine.jdbc.spi.SqlExceptionHelper.convert(SqlExceptionHelper.java:125) ~[hibernate-core-4.1.4.Final.jar:4.1.4.Final]
	at org.hibernate.engine.jdbc.spi.SqlExceptionHelper.convert(SqlExceptionHelper.java:110) ~[hibernate-core-4.1.4.Final.jar:4.1.4.Final]
	at org.hibernate.engine.jdbc.internal.proxy.AbstractStatementProxyHandler.continueInvocation(AbstractStatementProxyHandler.java:129) ~[hibernate-core-4.1.4.Final.jar:4.1.4.Final]
	at org.hibernate.engine.jdbc.internal.proxy.AbstractProxyHandler.invoke(AbstractProxyHandler.java:81) ~[hibernate-core-4.1.4.Final.jar:4.1.4.Final]
	at com.sun.proxy.$Proxy30.executeUpdate(Unknown Source) ~[?:?]
	at org.hibernate.id.IdentityGenerator$GetGeneratedKeysDelegate.executeAndExtract(IdentityGenerator.java:96) ~[hibernate-core-4.1.4.Final.jar:4.1.4.Final]
	at org.hibernate.id.insert.AbstractReturningDelegate.performInsert(AbstractReturningDelegate.java:58) ~[hibernate-core-4.1.4.Final.jar:4.1.4.Final]
	at org.hibernate.persister.entity.AbstractEntityPersister.insert(AbstractEntityPersister.java:2767) ~[hibernate-core-4.1.4.Final.jar:4.1.4.Final]
	at org.hibernate.persister.entity.AbstractEntityPersister.insert(AbstractEntityPersister.java:3278) ~[hibernate-core-4.1.4.Final.jar:4.1.4.Final]
	at org.hibernate.action.internal.EntityIdentityInsertAction.execute(EntityIdentityInsertAction.java:81) ~[hibernate-core-4.1.4.Final.jar:4.1.4.Final]
	at org.hibernate.engine.spi.ActionQueue.execute(ActionQueue.java:362) ~[hibernate-core-4.1.4.Final.jar:4.1.4.Final]
	at org.hibernate.engine.spi.ActionQueue.addResolvedEntityInsertAction(ActionQueue.java:203) ~[hibernate-core-4.1.4.Final.jar:4.1.4.Final]
	at org.hibernate.engine.spi.ActionQueue.addInsertAction(ActionQueue.java:183) ~[hibernate-core-4.1.4.Final.jar:4.1.4.Final]
	at org.hibernate.engine.spi.ActionQueue.addAction(ActionQueue.java:167) ~[hibernate-core-4.1.4.Final.jar:4.1.4.Final]
	at org.hibernate.event.internal.AbstractSaveEventListener.addInsertAction(AbstractSaveEventListener.java:320) ~[hibernate-core-4.1.4.Final.jar:4.1.4.Final]
	at org.hibernate.event.internal.AbstractSaveEventListener.performSaveOrReplicate(AbstractSaveEventListener.java:287) ~[hibernate-core-4.1.4.Final.jar:4.1.4.Final]
	at org.hibernate.event.internal.AbstractSaveEventListener.performSave(AbstractSaveEventListener.java:193) ~[hibernate-core-4.1.4.Final.jar:4.1.4.Final]
	at org.hibernate.event.internal.AbstractSaveEventListener.saveWithGeneratedId(AbstractSaveEventListener.java:126) ~[hibernate-core-4.1.4.Final.jar:4.1.4.Final]
	at org.hibernate.event.internal.DefaultSaveOrUpdateEventListener.saveWithGeneratedOrRequestedId(DefaultSaveOrUpdateEventListener.java:204) ~[hibernate-core-4.1.4.Final.jar:4.1.4.Final]
	at org.hibernate.event.internal.DefaultSaveOrUpdateEventListener.entityIsTransient(DefaultSaveOrUpdateEventListener.java:189) ~[hibernate-core-4.1.4.Final.jar:4.1.4.Final]
	at org.hibernate.event.internal.DefaultSaveOrUpdateEventListener.performSaveOrUpdate(DefaultSaveOrUpdateEventListener.java:114) ~[hibernate-core-4.1.4.Final.jar:4.1.4.Final]
	at org.hibernate.event.internal.DefaultSaveOrUpdateEventListener.onSaveOrUpdate(DefaultSaveOrUpdateEventListener.java:90) ~[hibernate-core-4.1.4.Final.jar:4.1.4.Final]
	at org.hibernate.internal.SessionImpl.fireSaveOrUpdate(SessionImpl.java:728) ~[hibernate-core-4.1.4.Final.jar:4.1.4.Final]
	at org.hibernate.internal.SessionImpl.saveOrUpdate(SessionImpl.java:720) ~[hibernate-core-4.1.4.Final.jar:4.1.4.Final]
	at org.hibernate.engine.spi.CascadingAction$5.cascade(CascadingAction.java:258) ~[hibernate-core-4.1.4.Final.jar:4.1.4.Final]
	at org.hibernate.engine.internal.Cascade.cascadeToOne(Cascade.java:380) ~[hibernate-core-4.1.4.Final.jar:4.1.4.Final]
	at org.hibernate.engine.internal.Cascade.cascadeAssociation(Cascade.java:323) ~[hibernate-core-4.1.4.Final.jar:4.1.4.Final]
	at org.hibernate.engine.internal.Cascade.cascadeProperty(Cascade.java:208) ~[hibernate-core-4.1.4.Final.jar:4.1.4.Final]
	at org.hibernate.engine.internal.Cascade.cascade(Cascade.java:165) ~[hibernate-core-4.1.4.Final.jar:4.1.4.Final]
	at org.hibernate.event.internal.AbstractSaveEventListener.cascadeBeforeSave(AbstractSaveEventListener.java:423) ~[hibernate-core-4.1.4.Final.jar:4.1.4.Final]
	at org.hibernate.event.internal.AbstractSaveEventListener.performSaveOrReplicate(AbstractSaveEventListener.java:264) ~[hibernate-core-4.1.4.Final.jar:4.1.4.Final]
	at org.hibernate.event.internal.AbstractSaveEventListener.performSave(AbstractSaveEventListener.java:193) ~[hibernate-core-4.1.4.Final.jar:4.1.4.Final]
	at org.hibernate.event.internal.AbstractSaveEventListener.saveWithGeneratedId(AbstractSaveEventListener.java:126) ~[hibernate-core-4.1.4.Final.jar:4.1.4.Final]
	at org.hibernate.event.internal.DefaultSaveOrUpdateEventListener.saveWithGeneratedOrRequestedId(DefaultSaveOrUpdateEventListener.java:204) ~[hibernate-core-4.1.4.Final.jar:4.1.4.Final]
	at org.hibernate.event.internal.DefaultSaveOrUpdateEventListener.entityIsTransient(DefaultSaveOrUpdateEventListener.java:189) ~[hibernate-core-4.1.4.Final.jar:4.1.4.Final]
	at org.hibernate.event.internal.DefaultSaveOrUpdateEventListener.performSaveOrUpdate(DefaultSaveOrUpdateEventListener.java:114) ~[hibernate-core-4.1.4.Final.jar:4.1.4.Final]
	at org.hibernate.event.internal.DefaultSaveOrUpdateEventListener.onSaveOrUpdate(DefaultSaveOrUpdateEventListener.java:90) ~[hibernate-core-4.1.4.Final.jar:4.1.4.Final]
	at org.hibernate.internal.SessionImpl.fireSaveOrUpdate(SessionImpl.java:728) ~[hibernate-core-4.1.4.Final.jar:4.1.4.Final]
	at org.hibernate.internal.SessionImpl.saveOrUpdate(SessionImpl.java:720) ~[hibernate-core-4.1.4.Final.jar:4.1.4.Final]
	at org.hibernate.engine.spi.CascadingAction$5.cascade(CascadingAction.java:258) ~[hibernate-core-4.1.4.Final.jar:4.1.4.Final]
	at org.hibernate.engine.internal.Cascade.cascadeToOne(Cascade.java:380) ~[hibernate-core-4.1.4.Final.jar:4.1.4.Final]
	at org.hibernate.engine.internal.Cascade.cascadeAssociation(Cascade.java:323) ~[hibernate-core-4.1.4.Final.jar:4.1.4.Final]
	at org.hibernate.engine.internal.Cascade.cascadeProperty(Cascade.java:208) ~[hibernate-core-4.1.4.Final.jar:4.1.4.Final]
	at org.hibernate.engine.internal.Cascade.cascade(Cascade.java:165) ~[hibernate-core-4.1.4.Final.jar:4.1.4.Final]
	at org.hibernate.event.internal.AbstractSaveEventListener.cascadeBeforeSave(AbstractSaveEventListener.java:423) ~[hibernate-core-4.1.4.Final.jar:4.1.4.Final]
	at org.hibernate.event.internal.AbstractSaveEventListener.performSaveOrReplicate(AbstractSaveEventListener.java:264) ~[hibernate-core-4.1.4.Final.jar:4.1.4.Final]
	at org.hibernate.event.internal.AbstractSaveEventListener.performSave(AbstractSaveEventListener.java:193) ~[hibernate-core-4.1.4.Final.jar:4.1.4.Final]
	at org.hibernate.event.internal.AbstractSaveEventListener.saveWithGeneratedId(AbstractSaveEventListener.java:126) ~[hibernate-core-4.1.4.Final.jar:4.1.4.Final]
	at org.hibernate.event.internal.DefaultSaveOrUpdateEventListener.saveWithGeneratedOrRequestedId(DefaultSaveOrUpdateEventListener.java:204) ~[hibernate-core-4.1.4.Final.jar:4.1.4.Final]
	at org.hibernate.event.internal.DefaultSaveOrUpdateEventListener.entityIsTransient(DefaultSaveOrUpdateEventListener.java:189) ~[hibernate-core-4.1.4.Final.jar:4.1.4.Final]
	at org.hibernate.event.internal.DefaultSaveOrUpdateEventListener.performSaveOrUpdate(DefaultSaveOrUpdateEventListener.java:114) ~[hibernate-core-4.1.4.Final.jar:4.1.4.Final]
	at org.hibernate.event.internal.DefaultSaveOrUpdateEventListener.onSaveOrUpdate(DefaultSaveOrUpdateEventListener.java:90) ~[hibernate-core-4.1.4.Final.jar:4.1.4.Final]
	at org.hibernate.internal.SessionImpl.fireSaveOrUpdate(SessionImpl.java:728) ~[hibernate-core-4.1.4.Final.jar:4.1.4.Final]
	at org.hibernate.internal.SessionImpl.saveOrUpdate(SessionImpl.java:720) ~[hibernate-core-4.1.4.Final.jar:4.1.4.Final]
	at org.hibernate.engine.spi.CascadingAction$5.cascade(CascadingAction.java:258) ~[hibernate-core-4.1.4.Final.jar:4.1.4.Final]
	at org.hibernate.engine.internal.Cascade.cascadeToOne(Cascade.java:380) ~[hibernate-core-4.1.4.Final.jar:4.1.4.Final]
	at org.hibernate.engine.internal.Cascade.cascadeAssociation(Cascade.java:323) ~[hibernate-core-4.1.4.Final.jar:4.1.4.Final]
	at org.hibernate.engine.internal.Cascade.cascadeProperty(Cascade.java:208) ~[hibernate-core-4.1.4.Final.jar:4.1.4.Final]
	at org.hibernate.engine.internal.Cascade.cascade(Cascade.java:165) ~[hibernate-core-4.1.4.Final.jar:4.1.4.Final]
	at org.hibernate.event.internal.AbstractSaveEventListener.cascadeBeforeSave(AbstractSaveEventListener.java:423) ~[hibernate-core-4.1.4.Final.jar:4.1.4.Final]
	at org.hibernate.event.internal.AbstractSaveEventListener.performSaveOrReplicate(AbstractSaveEventListener.java:264) ~[hibernate-core-4.1.4.Final.jar:4.1.4.Final]
	at org.hibernate.event.internal.AbstractSaveEventListener.performSave(AbstractSaveEventListener.java:193) ~[hibernate-core-4.1.4.Final.jar:4.1.4.Final]
	at org.hibernate.event.internal.AbstractSaveEventListener.saveWithGeneratedId(AbstractSaveEventListener.java:126) ~[hibernate-core-4.1.4.Final.jar:4.1.4.Final]
	at org.hibernate.event.internal.DefaultSaveOrUpdateEventListener.saveWithGeneratedOrRequestedId(DefaultSaveOrUpdateEventListener.java:204) ~[hibernate-core-4.1.4.Final.jar:4.1.4.Final]
	at org.hibernate.event.internal.DefaultSaveEventListener.saveWithGeneratedOrRequestedId(DefaultSaveEventListener.java:55) ~[hibernate-core-4.1.4.Final.jar:4.1.4.Final]
	at org.hibernate.event.internal.DefaultSaveOrUpdateEventListener.entityIsTransient(DefaultSaveOrUpdateEventListener.java:189) ~[hibernate-core-4.1.4.Final.jar:4.1.4.Final]
	at org.hibernate.event.internal.DefaultSaveEventListener.performSaveOrUpdate(DefaultSaveEventListener.java:49) ~[hibernate-core-4.1.4.Final.jar:4.1.4.Final]
	at org.hibernate.event.internal.DefaultSaveOrUpdateEventListener.onSaveOrUpdate(DefaultSaveOrUpdateEventListener.java:90) ~[hibernate-core-4.1.4.Final.jar:4.1.4.Final]
	at org.hibernate.internal.SessionImpl.fireSave(SessionImpl.java:757) ~[hibernate-core-4.1.4.Final.jar:4.1.4.Final]
	at org.hibernate.internal.SessionImpl.save(SessionImpl.java:749) ~[hibernate-core-4.1.4.Final.jar:4.1.4.Final]
	at org.hibernate.internal.SessionImpl.save(SessionImpl.java:745) ~[hibernate-core-4.1.4.Final.jar:4.1.4.Final]
	at br.com.fip.pp.exoticacalcados.dao.GenericDAO.salvar(GenericDAO.java:31) [classes/:?]
	at br.com.fip.pp.exoticacalcados.business.ClienteBusiness.salvar(ClienteBusiness.java:28) [classes/:?]
	at ClienteBusinessTeste.TesteSeUmCLienteEstaSendoInseridoNoBancoDeDados(ClienteBusinessTeste.java:43) [classes/:?]
	at sun.reflect.NativeMethodAccessorImpl.invoke0(Native Method) ~[?:1.8.0_20]
	at sun.reflect.NativeMethodAccessorImpl.invoke(Unknown Source) ~[?:1.8.0_20]
	at sun.reflect.DelegatingMethodAccessorImpl.invoke(Unknown Source) ~[?:1.8.0_20]
	at java.lang.reflect.Method.invoke(Unknown Source) ~[?:1.8.0_20]
	at org.junit.runners.model.FrameworkMethod$1.runReflectiveCall(FrameworkMethod.java:47) [junit-4.11.jar:?]
	at org.junit.internal.runners.model.ReflectiveCallable.run(ReflectiveCallable.java:12) [junit-4.11.jar:?]
	at org.junit.runners.model.FrameworkMethod.invokeExplosively(FrameworkMethod.java:44) [junit-4.11.jar:?]
	at org.junit.internal.runners.statements.InvokeMethod.evaluate(InvokeMethod.java:17) [junit-4.11.jar:?]
	at org.junit.runners.ParentRunner.runLeaf(ParentRunner.java:271) [junit-4.11.jar:?]
	at org.junit.runners.BlockJUnit4ClassRunner.runChild(BlockJUnit4ClassRunner.java:70) [junit-4.11.jar:?]
	at org.junit.runners.BlockJUnit4ClassRunner.runChild(BlockJUnit4ClassRunner.java:50) [junit-4.11.jar:?]
	at org.junit.runners.ParentRunner$3.run(ParentRunner.java:238) [junit-4.11.jar:?]
	at org.junit.runners.ParentRunner$1.schedule(ParentRunner.java:63) [junit-4.11.jar:?]
	at org.junit.runners.ParentRunner.runChildren(ParentRunner.java:236) [junit-4.11.jar:?]
	at org.junit.runners.ParentRunner.access$000(ParentRunner.java:53) [junit-4.11.jar:?]
	at org.junit.runners.ParentRunner$2.evaluate(ParentRunner.java:229) [junit-4.11.jar:?]
	at org.junit.runners.ParentRunner.run(ParentRunner.java:309) [junit-4.11.jar:?]
	at org.eclipse.jdt.internal.junit4.runner.JUnit4TestReference.run(JUnit4TestReference.java:50) [.cp/:?]
	at org.eclipse.jdt.internal.junit.runner.TestExecution.run(TestExecution.java:38) [.cp/:?]
	at org.eclipse.jdt.internal.junit.runner.RemoteTestRunner.runTests(RemoteTestRunner.java:459) [.cp/:?]
	at org.eclipse.jdt.internal.junit.runner.RemoteTestRunner.runTests(RemoteTestRunner.java:675) [.cp/:?]
	at org.eclipse.jdt.internal.junit.runner.RemoteTestRunner.run(RemoteTestRunner.java:382) [.cp/:?]
	at org.eclipse.jdt.internal.junit.runner.RemoteTestRunner.main(RemoteTestRunner.java:192) [.cp/:?]
Caused by: com.mysql.jdbc.MysqlDataTruncation: Data truncation: Data too long for column 'estado' at row 1
	at com.mysql.jdbc.MysqlIO.checkErrorPacket(MysqlIO.java:3607) ~[mysql-connector-java-5.1.18.jar:?]
	at com.mysql.jdbc.MysqlIO.checkErrorPacket(MysqlIO.java:3541) ~[mysql-connector-java-5.1.18.jar:?]
	at com.mysql.jdbc.MysqlIO.sendCommand(MysqlIO.java:2002) ~[mysql-connector-java-5.1.18.jar:?]
	at com.mysql.jdbc.MysqlIO.sqlQueryDirect(MysqlIO.java:2163) ~[mysql-connector-java-5.1.18.jar:?]
	at com.mysql.jdbc.ConnectionImpl.execSQL(ConnectionImpl.java:2624) ~[mysql-connector-java-5.1.18.jar:?]
	at com.mysql.jdbc.PreparedStatement.executeInternal(PreparedStatement.java:2127) ~[mysql-connector-java-5.1.18.jar:?]
	at com.mysql.jdbc.PreparedStatement.executeUpdate(PreparedStatement.java:2427) ~[mysql-connector-java-5.1.18.jar:?]
	at com.mysql.jdbc.PreparedStatement.executeUpdate(PreparedStatement.java:2345) ~[mysql-connector-java-5.1.18.jar:?]
	at com.mysql.jdbc.PreparedStatement.executeUpdate(PreparedStatement.java:2330) ~[mysql-connector-java-5.1.18.jar:?]
	at com.mchange.v2.c3p0.impl.NewProxyPreparedStatement.executeUpdate(NewProxyPreparedStatement.java:105) ~[c3p0-0.9.1.jar:0.9.1]
	at sun.reflect.NativeMethodAccessorImpl.invoke0(Native Method) ~[?:1.8.0_20]
	at sun.reflect.NativeMethodAccessorImpl.invoke(Unknown Source) ~[?:1.8.0_20]
	at sun.reflect.DelegatingMethodAccessorImpl.invoke(Unknown Source) ~[?:1.8.0_20]
	at java.lang.reflect.Method.invoke(Unknown Source) ~[?:1.8.0_20]
	at org.hibernate.engine.jdbc.internal.proxy.AbstractStatementProxyHandler.continueInvocation(AbstractStatementProxyHandler.java:122) ~[hibernate-core-4.1.4.Final.jar:4.1.4.Final]
	... 94 more
